<?xml version="1.0" encoding="UTF-8"?>
<!-- Generated by org.testng.reporters.JUnitXMLReporter -->
<testsuite ignored="0" hostname="LT14-DBR1-IND" failures="1" tests="3" name="Regression" time="114.332" errors="0" timestamp="2021-11-27T14:18:51 IST">
  <testcase classname="com.qa.ui.tests.searchPageTest" name="validateSearchPageTitle" time="0.053"/>
  <testcase classname="com.qa.ui.tests.searchPageTest" name="searchCity" time="0.483">
    <failure type="org.openqa.selenium.NoSuchElementException" message="Unable to locate element: //a[1]/div[@class =&amp;apos;cur-con-weather-card__body&amp;apos;]/div[@class =&amp;apos;cur-con-weather-card__panel&amp;apos;]/div/div/div[@class=&amp;apos;temp&amp;apos;]
For documentation on this error, please visit: https://selenium.dev/exceptions/#no_such_element
Build info: version: &amp;apos;4.0.0&amp;apos;, revision: &amp;apos;3a21814679&amp;apos;
System info: host: &amp;apos;LT14-DBR1-IND&amp;apos;, ip: &amp;apos;172.20.10.2&amp;apos;, os.name: &amp;apos;Windows 10&amp;apos;, os.arch: &amp;apos;amd64&amp;apos;, os.version: &amp;apos;10.0&amp;apos;, java.version: &amp;apos;16.0.2&amp;apos;
Driver info: org.openqa.selenium.firefox.FirefoxDriver
Command: [885ef78d-9896-4185-a74c-e3061d2180b2, findElement {using=xpath, value=//a[1]/div[@class =&amp;apos;cur-con-weather-card__body&amp;apos;]/div[@class =&amp;apos;cur-con-weather-card__panel&amp;apos;]/div/div/div[@class=&amp;apos;temp&amp;apos;]}]
Capabilities {acceptInsecureCerts: true, browserName: firefox, browserVersion: 78.15.0, javascriptEnabled: true, moz:accessibilityChecks: false, moz:buildID: 20210927121355, moz:geckodriverVersion: 0.30.0, moz:headless: false, moz:processID: 22280, moz:profile: C:\Users\DBR1\AppData\Local..., moz:shutdownTimeout: 60000, moz:useNonSpecCompliantPointerOrigin: false, moz:webdriverClick: true, pageLoadStrategy: normal, platform: WINDOWS, platformName: WINDOWS, platformVersion: 10.0, rotatable: false, setWindowRect: true, strictFileInteractability: false, timeouts: {implicit: 0, pageLoad: 300000, script: 30000}, unhandledPromptBehavior: dismiss and notify}
Session ID: 885ef78d-9896-4185-a74c-e3061d2180b2">
      <![CDATA[org.openqa.selenium.NoSuchElementException: Unable to locate element: //a[1]/div[@class ='cur-con-weather-card__body']/div[@class ='cur-con-weather-card__panel']/div/div/div[@class='temp']
For documentation on this error, please visit: https://selenium.dev/exceptions/#no_such_element
Build info: version: '4.0.0', revision: '3a21814679'
System info: host: 'LT14-DBR1-IND', ip: '172.20.10.2', os.name: 'Windows 10', os.arch: 'amd64', os.version: '10.0', java.version: '16.0.2'
Driver info: org.openqa.selenium.firefox.FirefoxDriver
Command: [885ef78d-9896-4185-a74c-e3061d2180b2, findElement {using=xpath, value=//a[1]/div[@class ='cur-con-weather-card__body']/div[@class ='cur-con-weather-card__panel']/div/div/div[@class='temp']}]
Capabilities {acceptInsecureCerts: true, browserName: firefox, browserVersion: 78.15.0, javascriptEnabled: true, moz:accessibilityChecks: false, moz:buildID: 20210927121355, moz:geckodriverVersion: 0.30.0, moz:headless: false, moz:processID: 22280, moz:profile: C:\Users\DBR1\AppData\Local..., moz:shutdownTimeout: 60000, moz:useNonSpecCompliantPointerOrigin: false, moz:webdriverClick: true, pageLoadStrategy: normal, platform: WINDOWS, platformName: WINDOWS, platformVersion: 10.0, rotatable: false, setWindowRect: true, strictFileInteractability: false, timeouts: {implicit: 0, pageLoad: 300000, script: 30000}, unhandledPromptBehavior: dismiss and notify}
Session ID: 885ef78d-9896-4185-a74c-e3061d2180b2
at org.openqa.selenium.remote.codec.w3c.W3CHttpResponseCodec.createException(W3CHttpResponseCodec.java:200)
at org.openqa.selenium.remote.codec.w3c.W3CHttpResponseCodec.decode(W3CHttpResponseCodec.java:133)
at org.openqa.selenium.remote.codec.w3c.W3CHttpResponseCodec.decode(W3CHttpResponseCodec.java:53)
at org.openqa.selenium.remote.HttpCommandExecutor.execute(HttpCommandExecutor.java:184)
at org.openqa.selenium.remote.service.DriverCommandExecutor.invokeExecute(DriverCommandExecutor.java:164)
at org.openqa.selenium.remote.service.DriverCommandExecutor.execute(DriverCommandExecutor.java:139)
at org.openqa.selenium.remote.RemoteWebDriver.execute(RemoteWebDriver.java:559)
at org.openqa.selenium.remote.ElementLocation$ElementFinder$2.findElement(ElementLocation.java:162)
at org.openqa.selenium.remote.ElementLocation.findElement(ElementLocation.java:60)
at org.openqa.selenium.remote.RemoteWebDriver.findElement(RemoteWebDriver.java:383)
at org.openqa.selenium.remote.RemoteWebDriver.findElement(RemoteWebDriver.java:375)
at org.openqa.selenium.support.pagefactory.DefaultElementLocator.findElement(DefaultElementLocator.java:70)
at org.openqa.selenium.support.pagefactory.internal.LocatingElementHandler.invoke(LocatingElementHandler.java:39)
at jdk.proxy2/jdk.proxy2.$Proxy13.getText(Unknown Source)
at com.qa.ui.pages.SearchResultPage.getUITemp(SearchResultPage.java:29)
at com.qa.factory.TemparatureFactory.getTemperature(TemparatureFactory.java:18)
at com.qa.ui.tests.searchPageTest.searchCity(searchPageTest.java:42)
at java.base/java.util.ArrayList.forEach(ArrayList.java:1511)
... Removed 36 stack frames]]>
    </failure>
  </testcase> <!-- searchCity -->
  <testcase classname="com.qa.ui.tests.searchResultPageTest" name="validateSearchResultPageTitle" time="6.115"/>
</testsuite> <!-- Regression -->
